[03-05-2018 20:32:50] PayPal\Core\PayPalHttpConnection : INFO: POST https://api.sandbox.paypal.com/v1/oauth2/token
[03-05-2018 20:32:51] PayPal\Core\PayPalHttpConnection : INFO: Invalid or no certificate authority found - Retrying using bundled CA certs file
[03-05-2018 20:32:53] PayPal\Core\PayPalHttpConnection : INFO: Response Status 	: 200
[03-05-2018 20:32:53] PayPal\Core\PayPalHttpConnection : INFO: POST https://api.sandbox.paypal.com/v1/payments/payment
[03-05-2018 20:32:53] PayPal\Core\PayPalHttpConnection : INFO: Invalid or no certificate authority found - Retrying using bundled CA certs file
[03-05-2018 20:32:54] PayPal\Core\PayPalHttpConnection : INFO: Response Status 	: 201
[03-05-2018 20:34:21] PayPal\Core\PayPalHttpConnection : INFO: POST https://api.sandbox.paypal.com/v1/oauth2/token
[03-05-2018 20:34:21] PayPal\Core\PayPalHttpConnection : INFO: Invalid or no certificate authority found - Retrying using bundled CA certs file
[03-05-2018 20:34:23] PayPal\Core\PayPalHttpConnection : INFO: Response Status 	: 200
[03-05-2018 20:34:23] PayPal\Core\PayPalHttpConnection : INFO: GET https://api.sandbox.paypal.com/v1/payments/payment/PAY-13L08884140737735LLVXD6A
[03-05-2018 20:34:24] PayPal\Core\PayPalHttpConnection : INFO: Invalid or no certificate authority found - Retrying using bundled CA certs file
[03-05-2018 20:34:25] PayPal\Core\PayPalHttpConnection : INFO: Response Status 	: 200
[03-05-2018 20:34:25] PayPal\Core\PayPalHttpConnection : INFO: POST https://api.sandbox.paypal.com/v1/payments/payment/PAY-13L08884140737735LLVXD6A/execute
[03-05-2018 20:34:25] PayPal\Core\PayPalHttpConnection : INFO: Invalid or no certificate authority found - Retrying using bundled CA certs file
[03-05-2018 20:34:27] PayPal\Core\PayPalHttpConnection : INFO: Response Status 	: 200
[03-05-2018 21:23:38] PayPal\Core\PayPalHttpConnection : INFO: POST https://api.sandbox.paypal.com/v1/oauth2/token
[03-05-2018 21:23:39] PayPal\Core\PayPalHttpConnection : INFO: Invalid or no certificate authority found - Retrying using bundled CA certs file
[03-05-2018 21:23:40] PayPal\Core\PayPalHttpConnection : INFO: Response Status 	: 200
[03-05-2018 21:23:40] PayPal\Core\PayPalHttpConnection : INFO: POST https://api.sandbox.paypal.com/v1/payments/payment
[03-05-2018 21:23:41] PayPal\Core\PayPalHttpConnection : INFO: Invalid or no certificate authority found - Retrying using bundled CA certs file
[03-05-2018 21:23:42] PayPal\Core\PayPalHttpConnection : INFO: Response Status 	: 201
[03-05-2018 21:25:21] PayPal\Core\PayPalHttpConnection : INFO: POST https://api.sandbox.paypal.com/v1/oauth2/token
[03-05-2018 21:25:21] PayPal\Core\PayPalHttpConnection : INFO: Invalid or no certificate authority found - Retrying using bundled CA certs file
[03-05-2018 21:25:22] PayPal\Core\PayPalHttpConnection : INFO: Response Status 	: 200
[03-05-2018 21:25:22] PayPal\Core\PayPalHttpConnection : INFO: GET https://api.sandbox.paypal.com/v1/payments/payment/PAY-1GH12424F5187805CLLVX3XY
[03-05-2018 21:25:23] PayPal\Core\PayPalHttpConnection : INFO: Invalid or no certificate authority found - Retrying using bundled CA certs file
[03-05-2018 21:25:24] PayPal\Core\PayPalHttpConnection : INFO: Response Status 	: 200
[03-05-2018 21:25:25] PayPal\Core\PayPalHttpConnection : INFO: POST https://api.sandbox.paypal.com/v1/payments/payment/PAY-1GH12424F5187805CLLVX3XY/execute
[03-05-2018 21:25:35] PayPal\Core\PayPalHttpConnection : INFO: Invalid or no certificate authority found - Retrying using bundled CA certs file
[03-05-2018 21:25:37] PayPal\Core\PayPalHttpConnection : INFO: Response Status 	: 200
[04-05-2018 12:12:17] PayPal\Core\PayPalHttpConnection : INFO: POST https://api.sandbox.paypal.com/v1/oauth2/token
[04-05-2018 12:12:18] PayPal\Core\PayPalHttpConnection : INFO: Invalid or no certificate authority found - Retrying using bundled CA certs file
[04-05-2018 12:12:20] PayPal\Core\PayPalHttpConnection : INFO: Response Status 	: 200
[04-05-2018 12:12:20] PayPal\Core\PayPalHttpConnection : INFO: POST https://api.sandbox.paypal.com/v1/payments/payment
[04-05-2018 12:12:21] PayPal\Core\PayPalHttpConnection : INFO: Invalid or no certificate authority found - Retrying using bundled CA certs file
[04-05-2018 12:12:22] PayPal\Core\PayPalHttpConnection : INFO: Response Status 	: 201
[04-05-2018 12:14:02] PayPal\Core\PayPalHttpConnection : INFO: POST https://api.sandbox.paypal.com/v1/oauth2/token
[04-05-2018 12:14:03] PayPal\Core\PayPalHttpConnection : INFO: Invalid or no certificate authority found - Retrying using bundled CA certs file
[04-05-2018 12:14:04] PayPal\Core\PayPalHttpConnection : INFO: Response Status 	: 200
[04-05-2018 12:14:04] PayPal\Core\PayPalHttpConnection : INFO: GET https://api.sandbox.paypal.com/v1/payments/payment/PAY-67916473BN0428311LLWE4IY
[04-05-2018 12:14:04] PayPal\Core\PayPalHttpConnection : INFO: Invalid or no certificate authority found - Retrying using bundled CA certs file
[04-05-2018 12:14:05] PayPal\Core\PayPalHttpConnection : INFO: Response Status 	: 200
[04-05-2018 12:14:05] PayPal\Core\PayPalHttpConnection : INFO: POST https://api.sandbox.paypal.com/v1/payments/payment/PAY-67916473BN0428311LLWE4IY/execute
[04-05-2018 12:14:06] PayPal\Core\PayPalHttpConnection : INFO: Invalid or no certificate authority found - Retrying using bundled CA certs file
[04-05-2018 12:14:08] PayPal\Core\PayPalHttpConnection : INFO: Response Status 	: 200
[04-05-2018 12:52:49] PayPal\Core\PayPalHttpConnection : INFO: POST https://api.sandbox.paypal.com/v1/oauth2/token
[04-05-2018 12:52:50] PayPal\Core\PayPalHttpConnection : INFO: Invalid or no certificate authority found - Retrying using bundled CA certs file
[04-05-2018 12:52:51] PayPal\Core\PayPalHttpConnection : INFO: Response Status 	: 200
[04-05-2018 12:52:51] PayPal\Core\PayPalHttpConnection : INFO: POST https://api.sandbox.paypal.com/v1/payments/payment
[04-05-2018 12:52:51] PayPal\Core\PayPalHttpConnection : INFO: Invalid or no certificate authority found - Retrying using bundled CA certs file
[04-05-2018 12:52:52] PayPal\Core\PayPalHttpConnection : INFO: Response Status 	: 201
[04-05-2018 12:53:58] PayPal\Core\PayPalHttpConnection : INFO: POST https://api.sandbox.paypal.com/v1/oauth2/token
[04-05-2018 12:53:59] PayPal\Core\PayPalHttpConnection : INFO: Invalid or no certificate authority found - Retrying using bundled CA certs file
[04-05-2018 12:54:00] PayPal\Core\PayPalHttpConnection : INFO: Response Status 	: 200
[04-05-2018 12:54:00] PayPal\Core\PayPalHttpConnection : INFO: GET https://api.sandbox.paypal.com/v1/payments/payment/PAY-4VN166887C727080VLLWFPII
[04-05-2018 12:54:00] PayPal\Core\PayPalHttpConnection : INFO: Invalid or no certificate authority found - Retrying using bundled CA certs file
[04-05-2018 12:54:01] PayPal\Core\PayPalHttpConnection : INFO: Response Status 	: 200
[04-05-2018 12:54:01] PayPal\Core\PayPalHttpConnection : INFO: POST https://api.sandbox.paypal.com/v1/payments/payment/PAY-4VN166887C727080VLLWFPII/execute
[04-05-2018 12:54:02] PayPal\Core\PayPalHttpConnection : INFO: Invalid or no certificate authority found - Retrying using bundled CA certs file
[04-05-2018 12:54:04] PayPal\Core\PayPalHttpConnection : INFO: Response Status 	: 200
[04-05-2018 12:55:52] PayPal\Core\PayPalHttpConnection : INFO: POST https://api.sandbox.paypal.com/v1/oauth2/token
[04-05-2018 12:55:53] PayPal\Core\PayPalHttpConnection : INFO: Invalid or no certificate authority found - Retrying using bundled CA certs file
[04-05-2018 12:55:55] PayPal\Core\PayPalHttpConnection : INFO: Response Status 	: 200
[04-05-2018 12:55:55] PayPal\Core\PayPalHttpConnection : INFO: POST https://api.sandbox.paypal.com/v1/payments/payment
[04-05-2018 12:55:55] PayPal\Core\PayPalHttpConnection : INFO: Invalid or no certificate authority found - Retrying using bundled CA certs file
[04-05-2018 12:55:57] PayPal\Core\PayPalHttpConnection : INFO: Response Status 	: 201
[04-05-2018 12:56:40] PayPal\Core\PayPalHttpConnection : INFO: POST https://api.sandbox.paypal.com/v1/oauth2/token
[04-05-2018 12:56:40] PayPal\Core\PayPalHttpConnection : INFO: Invalid or no certificate authority found - Retrying using bundled CA certs file
[04-05-2018 12:56:41] PayPal\Core\PayPalHttpConnection : INFO: Response Status 	: 200
[04-05-2018 12:56:41] PayPal\Core\PayPalHttpConnection : INFO: GET https://api.sandbox.paypal.com/v1/payments/payment/PAY-5AC08064763591740LLWFQWQ
[04-05-2018 12:56:42] PayPal\Core\PayPalHttpConnection : INFO: Invalid or no certificate authority found - Retrying using bundled CA certs file
[04-05-2018 12:56:43] PayPal\Core\PayPalHttpConnection : INFO: Response Status 	: 200
[04-05-2018 12:56:43] PayPal\Core\PayPalHttpConnection : INFO: POST https://api.sandbox.paypal.com/v1/payments/payment/PAY-5AC08064763591740LLWFQWQ/execute
[04-05-2018 12:56:43] PayPal\Core\PayPalHttpConnection : INFO: Invalid or no certificate authority found - Retrying using bundled CA certs file
[04-05-2018 12:56:46] PayPal\Core\PayPalHttpConnection : INFO: Response Status 	: 200
[04-05-2018 13:22:02] PayPal\Core\PayPalHttpConnection : INFO: POST https://api.sandbox.paypal.com/v1/oauth2/token
[04-05-2018 13:22:03] PayPal\Core\PayPalHttpConnection : INFO: Invalid or no certificate authority found - Retrying using bundled CA certs file
[04-05-2018 13:22:08] PayPal\Core\PayPalHttpConnection : INFO: Response Status 	: 200
[04-05-2018 13:22:08] PayPal\Core\PayPalHttpConnection : INFO: POST https://api.sandbox.paypal.com/v1/payments/payment
[04-05-2018 13:22:09] PayPal\Core\PayPalHttpConnection : INFO: Invalid or no certificate authority found - Retrying using bundled CA certs file
[04-05-2018 13:22:10] PayPal\Core\PayPalHttpConnection : INFO: Response Status 	: 201
[04-05-2018 13:24:29] PayPal\Core\PayPalHttpConnection : INFO: POST https://api.sandbox.paypal.com/v1/oauth2/token
[04-05-2018 13:24:30] PayPal\Core\PayPalHttpConnection : INFO: Invalid or no certificate authority found - Retrying using bundled CA certs file
[04-05-2018 13:24:31] PayPal\Core\PayPalHttpConnection : INFO: Response Status 	: 200
[04-05-2018 13:24:31] PayPal\Core\PayPalHttpConnection : INFO: GET https://api.sandbox.paypal.com/v1/payments/payment/PAY-24P413515E292805FLLWF47Y
[04-05-2018 13:24:31] PayPal\Core\PayPalHttpConnection : INFO: Invalid or no certificate authority found - Retrying using bundled CA certs file
[04-05-2018 13:24:32] PayPal\Core\PayPalHttpConnection : INFO: Response Status 	: 200
[04-05-2018 13:24:32] PayPal\Core\PayPalHttpConnection : INFO: POST https://api.sandbox.paypal.com/v1/payments/payment/PAY-24P413515E292805FLLWF47Y/execute
[04-05-2018 13:24:33] PayPal\Core\PayPalHttpConnection : INFO: Invalid or no certificate authority found - Retrying using bundled CA certs file
[04-05-2018 13:24:35] PayPal\Core\PayPalHttpConnection : INFO: Response Status 	: 200
[04-05-2018 13:46:30] PayPal\Core\PayPalHttpConnection : INFO: POST https://api.sandbox.paypal.com/v1/oauth2/token
[04-05-2018 13:46:31] PayPal\Core\PayPalHttpConnection : INFO: Invalid or no certificate authority found - Retrying using bundled CA certs file
[04-05-2018 13:46:32] PayPal\Core\PayPalHttpConnection : INFO: Response Status 	: 200
[04-05-2018 13:46:32] PayPal\Core\PayPalHttpConnection : INFO: POST https://api.sandbox.paypal.com/v1/payments/payment
[04-05-2018 13:46:32] PayPal\Core\PayPalHttpConnection : INFO: Invalid or no certificate authority found - Retrying using bundled CA certs file
[04-05-2018 13:46:33] PayPal\Core\PayPalHttpConnection : INFO: Response Status 	: 201
[04-05-2018 13:47:34] PayPal\Core\PayPalHttpConnection : INFO: POST https://api.sandbox.paypal.com/v1/oauth2/token
[04-05-2018 13:47:34] PayPal\Core\PayPalHttpConnection : INFO: Invalid or no certificate authority found - Retrying using bundled CA certs file
[04-05-2018 13:47:35] PayPal\Core\PayPalHttpConnection : INFO: Response Status 	: 200
[04-05-2018 13:47:35] PayPal\Core\PayPalHttpConnection : INFO: GET https://api.sandbox.paypal.com/v1/payments/payment/PAY-0WL340703X2494101LLWGIOI
[04-05-2018 13:47:36] PayPal\Core\PayPalHttpConnection : INFO: Invalid or no certificate authority found - Retrying using bundled CA certs file
[04-05-2018 13:47:37] PayPal\Core\PayPalHttpConnection : INFO: Response Status 	: 200
[04-05-2018 13:47:37] PayPal\Core\PayPalHttpConnection : INFO: POST https://api.sandbox.paypal.com/v1/payments/payment/PAY-0WL340703X2494101LLWGIOI/execute
[04-05-2018 13:47:37] PayPal\Core\PayPalHttpConnection : INFO: Invalid or no certificate authority found - Retrying using bundled CA certs file
[04-05-2018 13:47:39] PayPal\Core\PayPalHttpConnection : INFO: Response Status 	: 200
[04-05-2018 15:34:54] PayPal\Core\PayPalHttpConnection : INFO: POST https://api.sandbox.paypal.com/v1/oauth2/token
[04-05-2018 15:34:55] PayPal\Core\PayPalHttpConnection : INFO: Invalid or no certificate authority found - Retrying using bundled CA certs file
[04-05-2018 15:34:56] PayPal\Core\PayPalHttpConnection : INFO: Response Status 	: 200
[04-05-2018 15:34:56] PayPal\Core\PayPalHttpConnection : INFO: POST https://api.sandbox.paypal.com/v1/payments/payment
[04-05-2018 15:34:57] PayPal\Core\PayPalHttpConnection : INFO: Invalid or no certificate authority found - Retrying using bundled CA certs file
[04-05-2018 15:34:58] PayPal\Core\PayPalHttpConnection : INFO: Response Status 	: 201
[04-05-2018 15:36:32] PayPal\Core\PayPalHttpConnection : INFO: POST https://api.sandbox.paypal.com/v1/oauth2/token
[04-05-2018 15:36:32] PayPal\Core\PayPalHttpConnection : INFO: Invalid or no certificate authority found - Retrying using bundled CA certs file
[04-05-2018 15:36:34] PayPal\Core\PayPalHttpConnection : INFO: Response Status 	: 200
[04-05-2018 15:36:34] PayPal\Core\PayPalHttpConnection : INFO: GET https://api.sandbox.paypal.com/v1/payments/payment/PAY-4J747737Y5821260WLLWH3IQ
[04-05-2018 15:36:34] PayPal\Core\PayPalHttpConnection : INFO: Invalid or no certificate authority found - Retrying using bundled CA certs file
[04-05-2018 15:36:35] PayPal\Core\PayPalHttpConnection : INFO: Response Status 	: 200
[04-05-2018 15:36:35] PayPal\Core\PayPalHttpConnection : INFO: POST https://api.sandbox.paypal.com/v1/payments/payment/PAY-4J747737Y5821260WLLWH3IQ/execute
[04-05-2018 15:36:36] PayPal\Core\PayPalHttpConnection : INFO: Invalid or no certificate authority found - Retrying using bundled CA certs file
[04-05-2018 15:36:38] PayPal\Core\PayPalHttpConnection : INFO: Response Status 	: 200
[04-05-2018 15:43:06] PayPal\Core\PayPalHttpConnection : INFO: POST https://api.sandbox.paypal.com/v1/oauth2/token
[04-05-2018 15:43:07] PayPal\Core\PayPalHttpConnection : INFO: Invalid or no certificate authority found - Retrying using bundled CA certs file
[04-05-2018 15:43:08] PayPal\Core\PayPalHttpConnection : INFO: Response Status 	: 200
[04-05-2018 15:43:08] PayPal\Core\PayPalHttpConnection : INFO: POST https://api.sandbox.paypal.com/v1/payments/payment
[04-05-2018 15:43:08] PayPal\Core\PayPalHttpConnection : INFO: Invalid or no certificate authority found - Retrying using bundled CA certs file
[04-05-2018 15:43:09] PayPal\Core\PayPalHttpConnection : INFO: Response Status 	: 201
[04-05-2018 15:43:42] PayPal\Core\PayPalHttpConnection : INFO: POST https://api.sandbox.paypal.com/v1/oauth2/token
[04-05-2018 15:43:46] PayPal\Core\PayPalHttpConnection : INFO: Invalid or no certificate authority found - Retrying using bundled CA certs file
[04-05-2018 15:43:47] PayPal\Core\PayPalHttpConnection : INFO: Response Status 	: 200
[04-05-2018 15:43:47] PayPal\Core\PayPalHttpConnection : INFO: GET https://api.sandbox.paypal.com/v1/payments/payment/PAY-1AM34700J6104891PLLWH7DI
[04-05-2018 15:43:48] PayPal\Core\PayPalHttpConnection : INFO: Invalid or no certificate authority found - Retrying using bundled CA certs file
[04-05-2018 15:43:49] PayPal\Core\PayPalHttpConnection : INFO: Response Status 	: 200
[04-05-2018 15:43:49] PayPal\Core\PayPalHttpConnection : INFO: POST https://api.sandbox.paypal.com/v1/payments/payment/PAY-1AM34700J6104891PLLWH7DI/execute
[04-05-2018 15:43:49] PayPal\Core\PayPalHttpConnection : INFO: Invalid or no certificate authority found - Retrying using bundled CA certs file
[04-05-2018 15:43:51] PayPal\Core\PayPalHttpConnection : INFO: Response Status 	: 200
[04-05-2018 16:09:14] PayPal\Core\PayPalHttpConnection : INFO: POST https://api.sandbox.paypal.com/v1/oauth2/token
[04-05-2018 16:09:15] PayPal\Core\PayPalHttpConnection : INFO: Invalid or no certificate authority found - Retrying using bundled CA certs file
[04-05-2018 16:09:20] PayPal\Core\PayPalHttpConnection : INFO: Response Status 	: 200
[04-05-2018 16:09:20] PayPal\Core\PayPalHttpConnection : INFO: POST https://api.sandbox.paypal.com/v1/payments/payment
[04-05-2018 16:09:20] PayPal\Core\PayPalHttpConnection : INFO: Invalid or no certificate authority found - Retrying using bundled CA certs file
[04-05-2018 16:09:22] PayPal\Core\PayPalHttpConnection : INFO: Response Status 	: 201
[04-05-2018 16:10:19] PayPal\Core\PayPalHttpConnection : INFO: POST https://api.sandbox.paypal.com/v1/oauth2/token
[04-05-2018 16:10:19] PayPal\Core\PayPalHttpConnection : INFO: Invalid or no certificate authority found - Retrying using bundled CA certs file
[04-05-2018 16:10:20] PayPal\Core\PayPalHttpConnection : INFO: Response Status 	: 200
[04-05-2018 16:10:20] PayPal\Core\PayPalHttpConnection : INFO: GET https://api.sandbox.paypal.com/v1/payments/payment/PAY-5EF171012U295594VLLWILMQ
[04-05-2018 16:10:20] PayPal\Core\PayPalHttpConnection : INFO: Invalid or no certificate authority found - Retrying using bundled CA certs file
[04-05-2018 16:10:21] PayPal\Core\PayPalHttpConnection : INFO: Response Status 	: 200
[04-05-2018 16:10:21] PayPal\Core\PayPalHttpConnection : INFO: POST https://api.sandbox.paypal.com/v1/payments/payment/PAY-5EF171012U295594VLLWILMQ/execute
[04-05-2018 16:10:22] PayPal\Core\PayPalHttpConnection : INFO: Invalid or no certificate authority found - Retrying using bundled CA certs file
[04-05-2018 16:10:24] PayPal\Core\PayPalHttpConnection : INFO: Response Status 	: 200
[04-05-2018 18:06:27] PayPal\Core\PayPalHttpConnection : INFO: POST https://api.sandbox.paypal.com/v1/oauth2/token
[04-05-2018 18:06:28] PayPal\Core\PayPalHttpConnection : INFO: Invalid or no certificate authority found - Retrying using bundled CA certs file
[04-05-2018 18:06:33] PayPal\Core\PayPalHttpConnection : INFO: Response Status 	: 200
[04-05-2018 18:06:33] PayPal\Core\PayPalHttpConnection : INFO: POST https://api.sandbox.paypal.com/v1/payments/payment
[04-05-2018 18:06:33] PayPal\Core\PayPalHttpConnection : INFO: Invalid or no certificate authority found - Retrying using bundled CA certs file
[04-05-2018 18:06:36] PayPal\Core\PayPalHttpConnection : INFO: Response Status 	: 201
[04-05-2018 18:07:20] PayPal\Core\PayPalHttpConnection : INFO: POST https://api.sandbox.paypal.com/v1/oauth2/token
[04-05-2018 18:07:21] PayPal\Core\PayPalHttpConnection : INFO: Invalid or no certificate authority found - Retrying using bundled CA certs file
[04-05-2018 18:07:22] PayPal\Core\PayPalHttpConnection : INFO: Response Status 	: 200
[04-05-2018 18:07:22] PayPal\Core\PayPalHttpConnection : INFO: GET https://api.sandbox.paypal.com/v1/payments/payment/PAY-1317681188056113KLLWKCNA
[04-05-2018 18:07:22] PayPal\Core\PayPalHttpConnection : INFO: Invalid or no certificate authority found - Retrying using bundled CA certs file
[04-05-2018 18:07:23] PayPal\Core\PayPalHttpConnection : INFO: Response Status 	: 200
[04-05-2018 18:07:23] PayPal\Core\PayPalHttpConnection : INFO: POST https://api.sandbox.paypal.com/v1/payments/payment/PAY-1317681188056113KLLWKCNA/execute
[04-05-2018 18:07:24] PayPal\Core\PayPalHttpConnection : INFO: Invalid or no certificate authority found - Retrying using bundled CA certs file
[04-05-2018 18:07:26] PayPal\Core\PayPalHttpConnection : INFO: Response Status 	: 200
[07-05-2018 12:47:21] PayPal\Core\PayPalHttpConnection : INFO: POST https://api.sandbox.paypal.com/v1/oauth2/token
[07-05-2018 12:47:22] PayPal\Core\PayPalHttpConnection : INFO: Invalid or no certificate authority found - Retrying using bundled CA certs file
[07-05-2018 12:47:24] PayPal\Core\PayPalHttpConnection : INFO: Response Status 	: 200
[07-05-2018 12:47:24] PayPal\Core\PayPalHttpConnection : INFO: POST https://api.sandbox.paypal.com/v1/payments/payment
[07-05-2018 12:47:24] PayPal\Core\PayPalHttpConnection : INFO: Invalid or no certificate authority found - Retrying using bundled CA certs file
[07-05-2018 12:47:26] PayPal\Core\PayPalHttpConnection : INFO: Response Status 	: 201
[07-05-2018 12:48:07] PayPal\Core\PayPalHttpConnection : INFO: POST https://api.sandbox.paypal.com/v1/oauth2/token
[07-05-2018 12:48:07] PayPal\Core\PayPalHttpConnection : INFO: Invalid or no certificate authority found - Retrying using bundled CA certs file
[07-05-2018 12:48:08] PayPal\Core\PayPalHttpConnection : INFO: Response Status 	: 200
[07-05-2018 12:48:08] PayPal\Core\PayPalHttpConnection : INFO: GET https://api.sandbox.paypal.com/v1/payments/payment/PAY-32E47037US836100HLLYEVXQ
[07-05-2018 12:48:08] PayPal\Core\PayPalHttpConnection : INFO: Invalid or no certificate authority found - Retrying using bundled CA certs file
[07-05-2018 12:48:10] PayPal\Core\PayPalHttpConnection : INFO: Response Status 	: 200
[07-05-2018 12:48:10] PayPal\Core\PayPalHttpConnection : INFO: POST https://api.sandbox.paypal.com/v1/payments/payment/PAY-32E47037US836100HLLYEVXQ/execute
[07-05-2018 12:48:10] PayPal\Core\PayPalHttpConnection : INFO: Invalid or no certificate authority found - Retrying using bundled CA certs file
[07-05-2018 12:48:12] PayPal\Core\PayPalHttpConnection : INFO: Response Status 	: 200
[07-05-2018 20:08:44] PayPal\Core\PayPalHttpConnection : INFO: POST https://api.sandbox.paypal.com/v1/oauth2/token
[07-05-2018 20:08:45] PayPal\Core\PayPalHttpConnection : INFO: Invalid or no certificate authority found - Retrying using bundled CA certs file
[07-05-2018 20:08:46] PayPal\Core\PayPalHttpConnection : INFO: Response Status 	: 200
[07-05-2018 20:08:46] PayPal\Core\PayPalHttpConnection : INFO: POST https://api.sandbox.paypal.com/v1/payments/payment
[07-05-2018 20:08:47] PayPal\Core\PayPalHttpConnection : INFO: Invalid or no certificate authority found - Retrying using bundled CA certs file
[07-05-2018 20:08:48] PayPal\Core\PayPalHttpConnection : INFO: Response Status 	: 201
[07-05-2018 20:10:13] PayPal\Core\PayPalHttpConnection : INFO: POST https://api.sandbox.paypal.com/v1/oauth2/token
[07-05-2018 20:10:14] PayPal\Core\PayPalHttpConnection : INFO: Invalid or no certificate authority found - Retrying using bundled CA certs file
[07-05-2018 20:10:15] PayPal\Core\PayPalHttpConnection : INFO: Response Status 	: 200
[07-05-2018 20:10:15] PayPal\Core\PayPalHttpConnection : INFO: GET https://api.sandbox.paypal.com/v1/payments/payment/PAY-22E020688K774922PLLYLEZA
[07-05-2018 20:10:15] PayPal\Core\PayPalHttpConnection : INFO: Invalid or no certificate authority found - Retrying using bundled CA certs file
[07-05-2018 20:10:16] PayPal\Core\PayPalHttpConnection : INFO: Response Status 	: 200
[07-05-2018 20:10:16] PayPal\Core\PayPalHttpConnection : INFO: POST https://api.sandbox.paypal.com/v1/payments/payment/PAY-22E020688K774922PLLYLEZA/execute
[07-05-2018 20:10:17] PayPal\Core\PayPalHttpConnection : INFO: Invalid or no certificate authority found - Retrying using bundled CA certs file
[07-05-2018 20:10:19] PayPal\Core\PayPalHttpConnection : INFO: Response Status 	: 200
[07-05-2018 21:12:52] PayPal\Core\PayPalHttpConnection : INFO: POST https://api.sandbox.paypal.com/v1/oauth2/token
[07-05-2018 21:12:53] PayPal\Core\PayPalHttpConnection : INFO: Invalid or no certificate authority found - Retrying using bundled CA certs file
[07-05-2018 21:12:54] PayPal\Core\PayPalHttpConnection : INFO: Response Status 	: 200
[07-05-2018 21:12:54] PayPal\Core\PayPalHttpConnection : INFO: POST https://api.sandbox.paypal.com/v1/payments/payment
[07-05-2018 21:12:54] PayPal\Core\PayPalHttpConnection : INFO: Invalid or no certificate authority found - Retrying using bundled CA certs file
[07-05-2018 21:12:56] PayPal\Core\PayPalHttpConnection : INFO: Response Status 	: 201
[07-05-2018 21:13:38] PayPal\Core\PayPalHttpConnection : INFO: POST https://api.sandbox.paypal.com/v1/oauth2/token
[07-05-2018 21:13:38] PayPal\Core\PayPalHttpConnection : INFO: Invalid or no certificate authority found - Retrying using bundled CA certs file
[07-05-2018 21:13:39] PayPal\Core\PayPalHttpConnection : INFO: Response Status 	: 200
[07-05-2018 21:13:39] PayPal\Core\PayPalHttpConnection : INFO: GET https://api.sandbox.paypal.com/v1/payments/payment/PAY-5VK040696D200020ELLYMC3Q
[07-05-2018 21:13:39] PayPal\Core\PayPalHttpConnection : INFO: Invalid or no certificate authority found - Retrying using bundled CA certs file
[07-05-2018 21:13:40] PayPal\Core\PayPalHttpConnection : INFO: Response Status 	: 200
[07-05-2018 21:13:41] PayPal\Core\PayPalHttpConnection : INFO: POST https://api.sandbox.paypal.com/v1/payments/payment/PAY-5VK040696D200020ELLYMC3Q/execute
[07-05-2018 21:13:41] PayPal\Core\PayPalHttpConnection : INFO: Invalid or no certificate authority found - Retrying using bundled CA certs file
[07-05-2018 21:13:43] PayPal\Core\PayPalHttpConnection : INFO: Response Status 	: 200
[08-05-2018 12:07:59] PayPal\Core\PayPalHttpConnection : INFO: POST https://api.sandbox.paypal.com/v1/oauth2/token
[08-05-2018 12:08:00] PayPal\Core\PayPalHttpConnection : INFO: Invalid or no certificate authority found - Retrying using bundled CA certs file
[08-05-2018 12:08:02] PayPal\Core\PayPalHttpConnection : INFO: Response Status 	: 200
[08-05-2018 12:08:02] PayPal\Core\PayPalHttpConnection : INFO: POST https://api.sandbox.paypal.com/v1/payments/payment
[08-05-2018 12:08:02] PayPal\Core\PayPalHttpConnection : INFO: Invalid or no certificate authority found - Retrying using bundled CA certs file
[08-05-2018 12:08:03] PayPal\Core\PayPalHttpConnection : INFO: Response Status 	: 201
[08-05-2018 12:11:22] PayPal\Core\PayPalHttpConnection : INFO: POST https://api.sandbox.paypal.com/v1/oauth2/token
[08-05-2018 12:11:22] PayPal\Core\PayPalHttpConnection : INFO: Invalid or no certificate authority found - Retrying using bundled CA certs file
[08-05-2018 12:11:23] PayPal\Core\PayPalHttpConnection : INFO: Response Status 	: 200
[08-05-2018 12:11:23] PayPal\Core\PayPalHttpConnection : INFO: GET https://api.sandbox.paypal.com/v1/payments/payment/PAY-5FM64547A6344061CLLYZGMI
[08-05-2018 12:11:24] PayPal\Core\PayPalHttpConnection : INFO: Invalid or no certificate authority found - Retrying using bundled CA certs file
[08-05-2018 12:11:25] PayPal\Core\PayPalHttpConnection : INFO: Response Status 	: 200
[08-05-2018 12:11:25] PayPal\Core\PayPalHttpConnection : INFO: POST https://api.sandbox.paypal.com/v1/payments/payment/PAY-5FM64547A6344061CLLYZGMI/execute
[08-05-2018 12:11:25] PayPal\Core\PayPalHttpConnection : INFO: Invalid or no certificate authority found - Retrying using bundled CA certs file
[08-05-2018 12:11:27] PayPal\Core\PayPalHttpConnection : INFO: Response Status 	: 200
[08-05-2018 12:28:06] PayPal\Core\PayPalHttpConnection : INFO: POST https://api.sandbox.paypal.com/v1/oauth2/token
[08-05-2018 12:28:07] PayPal\Core\PayPalHttpConnection : INFO: Invalid or no certificate authority found - Retrying using bundled CA certs file
[08-05-2018 12:28:08] PayPal\Core\PayPalHttpConnection : INFO: Response Status 	: 200
[08-05-2018 12:28:08] PayPal\Core\PayPalHttpConnection : INFO: POST https://api.sandbox.paypal.com/v1/payments/payment
[08-05-2018 12:28:08] PayPal\Core\PayPalHttpConnection : INFO: Invalid or no certificate authority found - Retrying using bundled CA certs file
[08-05-2018 12:28:09] PayPal\Core\PayPalHttpConnection : INFO: Response Status 	: 201
[08-05-2018 12:28:54] PayPal\Core\PayPalHttpConnection : INFO: POST https://api.sandbox.paypal.com/v1/oauth2/token
[08-05-2018 12:28:54] PayPal\Core\PayPalHttpConnection : INFO: Invalid or no certificate authority found - Retrying using bundled CA certs file
[08-05-2018 12:28:55] PayPal\Core\PayPalHttpConnection : INFO: Response Status 	: 200
[08-05-2018 12:28:55] PayPal\Core\PayPalHttpConnection : INFO: GET https://api.sandbox.paypal.com/v1/payments/payment/PAY-50Y02722S1033881GLLYZPZY
[08-05-2018 12:28:55] PayPal\Core\PayPalHttpConnection : INFO: Invalid or no certificate authority found - Retrying using bundled CA certs file
[08-05-2018 12:28:56] PayPal\Core\PayPalHttpConnection : INFO: Response Status 	: 200
[08-05-2018 12:28:57] PayPal\Core\PayPalHttpConnection : INFO: POST https://api.sandbox.paypal.com/v1/payments/payment/PAY-50Y02722S1033881GLLYZPZY/execute
[08-05-2018 12:28:57] PayPal\Core\PayPalHttpConnection : INFO: Invalid or no certificate authority found - Retrying using bundled CA certs file
[08-05-2018 12:28:59] PayPal\Core\PayPalHttpConnection : INFO: Response Status 	: 200
[08-05-2018 13:48:13] PayPal\Core\PayPalHttpConnection : INFO: POST https://api.sandbox.paypal.com/v1/oauth2/token
[08-05-2018 13:48:13] PayPal\Core\PayPalHttpConnection : INFO: Invalid or no certificate authority found - Retrying using bundled CA certs file
[08-05-2018 13:48:14] PayPal\Core\PayPalHttpConnection : INFO: Response Status 	: 200
[08-05-2018 13:48:14] PayPal\Core\PayPalHttpConnection : INFO: POST https://api.sandbox.paypal.com/v1/payments/payment
[08-05-2018 13:48:15] PayPal\Core\PayPalHttpConnection : INFO: Invalid or no certificate authority found - Retrying using bundled CA certs file
[08-05-2018 13:48:16] PayPal\Core\PayPalHttpConnection : INFO: Response Status 	: 201
[08-05-2018 13:50:03] PayPal\Core\PayPalHttpConnection : INFO: POST https://api.sandbox.paypal.com/v1/oauth2/token
[08-05-2018 13:50:03] PayPal\Core\PayPalHttpConnection : INFO: Invalid or no certificate authority found - Retrying using bundled CA certs file
[08-05-2018 13:50:04] PayPal\Core\PayPalHttpConnection : INFO: Response Status 	: 200
[08-05-2018 13:50:04] PayPal\Core\PayPalHttpConnection : INFO: GET https://api.sandbox.paypal.com/v1/payments/payment/PAY-4R400082M1909700RLLY2VLY
[08-05-2018 13:50:05] PayPal\Core\PayPalHttpConnection : INFO: Invalid or no certificate authority found - Retrying using bundled CA certs file
[08-05-2018 13:50:06] PayPal\Core\PayPalHttpConnection : INFO: Response Status 	: 200
[08-05-2018 13:50:06] PayPal\Core\PayPalHttpConnection : INFO: POST https://api.sandbox.paypal.com/v1/payments/payment/PAY-4R400082M1909700RLLY2VLY/execute
[08-05-2018 13:50:06] PayPal\Core\PayPalHttpConnection : INFO: Invalid or no certificate authority found - Retrying using bundled CA certs file
[08-05-2018 13:50:09] PayPal\Core\PayPalHttpConnection : INFO: Response Status 	: 200
[08-05-2018 14:53:03] PayPal\Core\PayPalHttpConnection : INFO: POST https://api.sandbox.paypal.com/v1/oauth2/token
[08-05-2018 14:53:04] PayPal\Core\PayPalHttpConnection : INFO: Invalid or no certificate authority found - Retrying using bundled CA certs file
[08-05-2018 14:53:05] PayPal\Core\PayPalHttpConnection : INFO: Response Status 	: 200
[08-05-2018 14:53:05] PayPal\Core\PayPalHttpConnection : INFO: POST https://api.sandbox.paypal.com/v1/payments/payment
[08-05-2018 14:53:05] PayPal\Core\PayPalHttpConnection : INFO: Invalid or no certificate authority found - Retrying using bundled CA certs file
[08-05-2018 14:53:07] PayPal\Core\PayPalHttpConnection : INFO: Response Status 	: 201
[08-05-2018 19:47:59] PayPal\Core\PayPalHttpConnection : INFO: POST https://api.paypal.com/v1/oauth2/token
[08-05-2018 19:48:01] PayPal\Core\PayPalHttpConnection : INFO: Invalid or no certificate authority found - Retrying using bundled CA certs file
[08-05-2018 19:48:02] PayPal\Core\PayPalHttpConnection : INFO: Response Status 	: 200
[08-05-2018 19:48:02] PayPal\Core\PayPalHttpConnection : INFO: POST https://api.paypal.com/v1/payments/payment
[08-05-2018 19:48:02] PayPal\Core\PayPalHttpConnection : INFO: Invalid or no certificate authority found - Retrying using bundled CA certs file
[08-05-2018 19:48:05] PayPal\Core\PayPalHttpConnection : INFO: Response Status 	: 201
[08-05-2018 19:57:01] PayPal\Core\PayPalHttpConnection : INFO: POST https://api.paypal.com/v1/oauth2/token
[08-05-2018 19:57:02] PayPal\Core\PayPalHttpConnection : INFO: Invalid or no certificate authority found - Retrying using bundled CA certs file
[08-05-2018 19:57:03] PayPal\Core\PayPalHttpConnection : INFO: Response Status 	: 200
[08-05-2018 19:57:03] PayPal\Core\PayPalHttpConnection : INFO: GET https://api.paypal.com/v1/payments/payment/PAY-2E546506461528319LLY76CQ
[08-05-2018 19:57:04] PayPal\Core\PayPalHttpConnection : INFO: Invalid or no certificate authority found - Retrying using bundled CA certs file
[08-05-2018 19:57:05] PayPal\Core\PayPalHttpConnection : INFO: Response Status 	: 200
[08-05-2018 19:57:05] PayPal\Core\PayPalHttpConnection : INFO: POST https://api.paypal.com/v1/payments/payment/PAY-2E546506461528319LLY76CQ/execute
[08-05-2018 19:57:06] PayPal\Core\PayPalHttpConnection : INFO: Invalid or no certificate authority found - Retrying using bundled CA certs file
[08-05-2018 19:57:08] PayPal\Core\PayPalHttpConnection : INFO: Response Status 	: 200
[08-05-2018 20:08:09] PayPal\Core\PayPalHttpConnection : INFO: POST https://api.paypal.com/v1/oauth2/token
[08-05-2018 20:08:10] PayPal\Core\PayPalHttpConnection : INFO: Invalid or no certificate authority found - Retrying using bundled CA certs file
[08-05-2018 20:08:11] PayPal\Core\PayPalHttpConnection : INFO: Response Status 	: 200
[08-05-2018 20:08:11] PayPal\Core\PayPalHttpConnection : INFO: POST https://api.paypal.com/v1/payments/payment
[08-05-2018 20:08:11] PayPal\Core\PayPalHttpConnection : INFO: Invalid or no certificate authority found - Retrying using bundled CA certs file
[08-05-2018 20:08:13] PayPal\Core\PayPalHttpConnection : INFO: Response Status 	: 201
[08-05-2018 20:08:43] PayPal\Core\PayPalHttpConnection : INFO: POST https://api.paypal.com/v1/oauth2/token
[08-05-2018 20:08:44] PayPal\Core\PayPalHttpConnection : INFO: Invalid or no certificate authority found - Retrying using bundled CA certs file
[08-05-2018 20:08:45] PayPal\Core\PayPalHttpConnection : INFO: Response Status 	: 200
[08-05-2018 20:08:45] PayPal\Core\PayPalHttpConnection : INFO: GET https://api.paypal.com/v1/payments/payment/PAY-88903408SW328051ELLZAHQY
[08-05-2018 20:08:45] PayPal\Core\PayPalHttpConnection : INFO: Invalid or no certificate authority found - Retrying using bundled CA certs file
[08-05-2018 20:08:47] PayPal\Core\PayPalHttpConnection : INFO: Response Status 	: 200
[08-05-2018 20:08:47] PayPal\Core\PayPalHttpConnection : INFO: POST https://api.paypal.com/v1/payments/payment/PAY-88903408SW328051ELLZAHQY/execute
[08-05-2018 20:08:47] PayPal\Core\PayPalHttpConnection : INFO: Invalid or no certificate authority found - Retrying using bundled CA certs file
[08-05-2018 20:08:49] PayPal\Core\PayPalHttpConnection : INFO: Response Status 	: 200
[08-05-2018 22:02:05] PayPal\Core\PayPalHttpConnection : INFO: POST https://api.paypal.com/v1/oauth2/token
[08-05-2018 22:02:06] PayPal\Core\PayPalHttpConnection : INFO: Invalid or no certificate authority found - Retrying using bundled CA certs file
[08-05-2018 22:02:08] PayPal\Core\PayPalHttpConnection : INFO: Response Status 	: 200
[08-05-2018 22:02:08] PayPal\Core\PayPalHttpConnection : INFO: POST https://api.paypal.com/v1/payments/payment
[08-05-2018 22:02:08] PayPal\Core\PayPalHttpConnection : INFO: Invalid or no certificate authority found - Retrying using bundled CA certs file
[08-05-2018 22:02:10] PayPal\Core\PayPalHttpConnection : INFO: Response Status 	: 201
[08-05-2018 22:03:00] PayPal\Core\PayPalHttpConnection : INFO: POST https://api.paypal.com/v1/oauth2/token
[08-05-2018 22:03:01] PayPal\Core\PayPalHttpConnection : INFO: Invalid or no certificate authority found - Retrying using bundled CA certs file
[08-05-2018 22:03:03] PayPal\Core\PayPalHttpConnection : INFO: Response Status 	: 200
[08-05-2018 22:03:03] PayPal\Core\PayPalHttpConnection : INFO: GET https://api.paypal.com/v1/payments/payment/PAY-0UT83030DA0169303LLZB5AA
[08-05-2018 22:03:03] PayPal\Core\PayPalHttpConnection : INFO: Invalid or no certificate authority found - Retrying using bundled CA certs file
[08-05-2018 22:03:04] PayPal\Core\PayPalHttpConnection : INFO: Response Status 	: 200
[08-05-2018 22:03:05] PayPal\Core\PayPalHttpConnection : INFO: POST https://api.paypal.com/v1/payments/payment/PAY-0UT83030DA0169303LLZB5AA/execute
[08-05-2018 22:03:05] PayPal\Core\PayPalHttpConnection : INFO: Invalid or no certificate authority found - Retrying using bundled CA certs file
[08-05-2018 22:03:07] PayPal\Core\PayPalHttpConnection : INFO: Response Status 	: 200
[09-05-2018 13:59:13] PayPal\Core\PayPalHttpConnection : INFO: POST https://api.paypal.com/v1/oauth2/token
[09-05-2018 13:59:15] PayPal\Core\PayPalHttpConnection : INFO: Invalid or no certificate authority found - Retrying using bundled CA certs file
[09-05-2018 13:59:16] PayPal\Core\PayPalHttpConnection : INFO: Response Status 	: 200
[09-05-2018 13:59:16] PayPal\Core\PayPalHttpConnection : INFO: POST https://api.paypal.com/v1/payments/payment
[09-05-2018 13:59:16] PayPal\Core\PayPalHttpConnection : INFO: Invalid or no certificate authority found - Retrying using bundled CA certs file
[09-05-2018 13:59:18] PayPal\Core\PayPalHttpConnection : INFO: Response Status 	: 201
[09-05-2018 15:32:17] PayPal\Core\PayPalHttpConnection : INFO: POST https://api.paypal.com/v1/oauth2/token
[09-05-2018 15:32:18] PayPal\Core\PayPalHttpConnection : INFO: Invalid or no certificate authority found - Retrying using bundled CA certs file
[09-05-2018 15:32:19] PayPal\Core\PayPalHttpConnection : INFO: Response Status 	: 200
[09-05-2018 15:32:19] PayPal\Core\PayPalHttpConnection : INFO: POST https://api.paypal.com/v1/payments/payment
[09-05-2018 15:32:20] PayPal\Core\PayPalHttpConnection : INFO: Invalid or no certificate authority found - Retrying using bundled CA certs file
[09-05-2018 15:32:21] PayPal\Core\PayPalHttpConnection : INFO: Response Status 	: 201
[09-05-2018 15:34:49] PayPal\Core\PayPalHttpConnection : INFO: POST https://api.paypal.com/v1/oauth2/token
[09-05-2018 15:34:49] PayPal\Core\PayPalHttpConnection : INFO: Invalid or no certificate authority found - Retrying using bundled CA certs file
[09-05-2018 15:34:50] PayPal\Core\PayPalHttpConnection : INFO: Response Status 	: 200
[09-05-2018 15:34:50] PayPal\Core\PayPalHttpConnection : INFO: POST https://api.paypal.com/v1/payments/payment
[09-05-2018 15:34:51] PayPal\Core\PayPalHttpConnection : INFO: Invalid or no certificate authority found - Retrying using bundled CA certs file
[09-05-2018 15:34:52] PayPal\Core\PayPalHttpConnection : INFO: Response Status 	: 201
[09-05-2018 15:35:31] PayPal\Core\PayPalHttpConnection : INFO: POST https://api.paypal.com/v1/oauth2/token
[09-05-2018 15:35:32] PayPal\Core\PayPalHttpConnection : INFO: Invalid or no certificate authority found - Retrying using bundled CA certs file
[09-05-2018 15:35:33] PayPal\Core\PayPalHttpConnection : INFO: Response Status 	: 200
[09-05-2018 15:35:33] PayPal\Core\PayPalHttpConnection : INFO: GET https://api.paypal.com/v1/payments/payment/PAY-3U526858UT565031TLLZRKNA
[09-05-2018 15:35:33] PayPal\Core\PayPalHttpConnection : INFO: Invalid or no certificate authority found - Retrying using bundled CA certs file
[09-05-2018 15:35:34] PayPal\Core\PayPalHttpConnection : INFO: Response Status 	: 200
[09-05-2018 15:35:34] PayPal\Core\PayPalHttpConnection : INFO: POST https://api.paypal.com/v1/payments/payment/PAY-3U526858UT565031TLLZRKNA/execute
[09-05-2018 15:35:35] PayPal\Core\PayPalHttpConnection : INFO: Invalid or no certificate authority found - Retrying using bundled CA certs file
[09-05-2018 15:35:37] PayPal\Core\PayPalHttpConnection : INFO: Response Status 	: 200
